<?xml version="1.0" encoding="UTF-8"?>
<!-- Generated by org.testng.reporters.JUnitReportReporter -->
<testsuite hostname="LAPTOP-JI6I8DAU" failures="0" tests="1" name="testingforomi.BuildComputerTest" time="4.358" errors="0" timestamp="2024-12-04T16:56:17 COT" skipped="0">
  <testcase classname="testingforomi.BuildComputerTest" name="MenuBurgerTesting" time="4.358"/>
</testsuite> <!-- testingforomi.BuildComputerTest -->
