<?xml version="1.0" encoding="UTF-8"?>
<!-- Generated by org.testng.reporters.JUnitReportReporter -->
<testsuite hostname="LAPTOP-JI6I8DAU" failures="0" tests="1" name="testingforomi.RegisterPageTest" time="1.381" errors="0" timestamp="2024-12-04T18:38:48 COT" skipped="0">
  <testcase classname="testingforomi.RegisterPageTest" name="TestRegister" time="1.381"/>
</testsuite> <!-- testingforomi.RegisterPageTest -->
