<?xml version="1.0" encoding="UTF-8"?>
<!-- Generated by org.testng.reporters.JUnitReportReporter -->
<testsuite hostname="LAPTOP-JI6I8DAU" failures="0" tests="1" name="testingforomi.ResponsiveAdvancedSearch.AdvancedSearchTest" time="3.841" errors="0" timestamp="2024-12-09T21:53:47 COT" skipped="0">
  <testcase classname="testingforomi.ResponsiveAdvancedSearch.AdvancedSearchTest" name="AdvancedSearchTesting" time="3.841"/>
</testsuite> <!-- testingforomi.ResponsiveAdvancedSearch.AdvancedSearchTest -->
