<?xml version="1.0" encoding="UTF-8"?>
<!-- Generated by org.testng.reporters.JUnitReportReporter -->
<testsuite hostname="LAPTOP-JI6I8DAU" failures="0" tests="1" name="testingforomi.ResponsiveMenuPage" time="1.120" errors="0" timestamp="2024-12-03T20:35:11 COT" skipped="0">
  <testcase classname="testingforomi.ResponsiveMenuPage" name="MenuBurgerTesting" time="1.120"/>
</testsuite> <!-- testingforomi.ResponsiveMenuPage -->
