<?xml version="1.0" encoding="UTF-8"?>
<!-- Generated by org.testng.reporters.JUnitReportReporter -->
<testsuite hostname="LAPTOP-JI6I8DAU" failures="0" tests="1" name="testingforomi.ResponsiveBuildComputer.BuildComputerTest" time="3.043" errors="0" timestamp="2024-12-19T14:29:48 COT" skipped="0">
  <testcase classname="testingforomi.ResponsiveBuildComputer.BuildComputerTest" name="MenuBurgerTesting" time="3.043"/>
</testsuite> <!-- testingforomi.ResponsiveBuildComputer.BuildComputerTest -->
