<?xml version="1.0" encoding="UTF-8"?>
<!-- Generated by org.testng.reporters.JUnitReportReporter -->
<testsuite hostname="LAPTOP-JI6I8DAU" failures="0" tests="1" name="testingforomi.ResponsiveBuildComputer.BuildComputerTest" time="2.708" errors="0" timestamp="2025-01-25T10:18:49 COT" skipped="0">
  <testcase classname="testingforomi.ResponsiveBuildComputer.BuildComputerTest" name="MenuBurgerTesting" time="2.708"/>
</testsuite> <!-- testingforomi.ResponsiveBuildComputer.BuildComputerTest -->
