<?xml version="1.0" encoding="UTF-8"?>
<!-- Generated by org.testng.reporters.JUnitReportReporter -->
<testsuite hostname="LAPTOP-JI6I8DAU" failures="0" tests="1" name="testingforomi.ResponsiveBuildComputer.BuildComputerTest" time="3.027" errors="0" timestamp="2024-12-04T19:57:32 COT" skipped="0">
  <testcase classname="testingforomi.ResponsiveBuildComputer.BuildComputerTest" name="MenuBurgerTesting" time="3.027"/>
</testsuite> <!-- testingforomi.ResponsiveBuildComputer.BuildComputerTest -->
