<?xml version="1.0" encoding="UTF-8"?>
<!-- Generated by org.testng.reporters.JUnitReportReporter -->
<testsuite hostname="LAPTOP-JI6I8DAU" failures="0" tests="1" name="testingforomi.ResponsiveAdvancedSearch.AdvancedSearchTest" time="2.834" errors="0" timestamp="2024-12-19T14:29:48 COT" skipped="0">
  <testcase classname="testingforomi.ResponsiveAdvancedSearch.AdvancedSearchTest" name="AdvancedSearchTesting" time="2.834"/>
</testsuite> <!-- testingforomi.ResponsiveAdvancedSearch.AdvancedSearchTest -->
