<?xml version="1.0" encoding="UTF-8"?>
<!-- Generated by org.testng.reporters.JUnitReportReporter -->
<testsuite hostname="LAPTOP-JI6I8DAU" failures="0" tests="1" name="testingforomi.ResponsiveMenu.ResponsiveMenuPageTest" time="1.817" errors="0" timestamp="2025-01-25T10:18:49 COT" skipped="0">
  <testcase classname="testingforomi.ResponsiveMenu.ResponsiveMenuPageTest" name="MenuBurgerTesting" time="1.817"/>
</testsuite> <!-- testingforomi.ResponsiveMenu.ResponsiveMenuPageTest -->
