<?xml version="1.0" encoding="UTF-8"?>
<!-- Generated by org.testng.reporters.JUnitReportReporter -->
<testsuite hostname="LAPTOP-JI6I8DAU" failures="0" tests="1" name="testingforomi.LoginPageTest" time="3.528" errors="0" timestamp="2024-12-03T17:07:50 COT" skipped="0">
  <testcase classname="testingforomi.LoginPageTest" name="f" time="3.528"/>
</testsuite> <!-- testingforomi.LoginPageTest -->
