<?xml version="1.0" encoding="UTF-8"?>
<!-- Generated by org.testng.reporters.JUnitReportReporter -->
<testsuite hostname="LAPTOP-JI6I8DAU" failures="0" tests="1" name="testingforomi.AdvancedSearchTest" time="3.561" errors="0" timestamp="2024-12-04T18:04:35 COT" skipped="0">
  <testcase classname="testingforomi.AdvancedSearchTest" name="AdvancedSearchTesting" time="3.561"/>
</testsuite> <!-- testingforomi.AdvancedSearchTest -->
