<?xml version="1.0" encoding="UTF-8"?>
<!-- Generated by org.testng.reporters.JUnitReportReporter -->
<testsuite hostname="LAPTOP-JI6I8DAU" failures="0" tests="1" name="testingforomi.BuildComputer" time="2.709" errors="0" timestamp="2024-12-03T21:29:08 COT" skipped="0">
  <testcase classname="testingforomi.BuildComputer" name="MenuBurgerTesting" time="2.709"/>
</testsuite> <!-- testingforomi.BuildComputer -->
