<?xml version="1.0" encoding="UTF-8"?>
<!-- Generated by org.testng.reporters.JUnitReportReporter -->
<testsuite hostname="LAPTOP-JI6I8DAU" failures="0" tests="1" name="testingforomi.Login.LoginPageTest" time="2.262" errors="0" timestamp="2024-12-19T14:29:48 COT" skipped="0">
  <testcase classname="testingforomi.Login.LoginPageTest" name="TestLogin" time="2.262"/>
</testsuite> <!-- testingforomi.Login.LoginPageTest -->
