<?xml version="1.0" encoding="UTF-8"?>
<!-- Generated by org.testng.reporters.JUnitReportReporter -->
<testsuite hostname="LAPTOP-JI6I8DAU" failures="0" tests="1" name="testingforomi.LoginPageTest" time="2.175" errors="0" timestamp="2024-12-04T16:19:12 COT" skipped="0">
  <testcase classname="testingforomi.LoginPageTest" name="TestLogin" time="2.175"/>
</testsuite> <!-- testingforomi.LoginPageTest -->
