<?xml version="1.0" encoding="UTF-8"?>
<!-- Generated by org.testng.reporters.JUnitReportReporter -->
<testsuite hostname="LAPTOP-JI6I8DAU" failures="0" tests="1" name="testingforomi.Shopping.ShoppingTest" time="11.557" errors="0" timestamp="2024-12-17T16:44:09 COT" skipped="0">
  <testcase classname="testingforomi.Shopping.ShoppingTest" name="ShopTest" time="11.557"/>
</testsuite> <!-- testingforomi.Shopping.ShoppingTest -->
