<?xml version="1.0" encoding="UTF-8"?>
<!-- Generated by org.testng.reporters.JUnitReportReporter -->
<testsuite hostname="LAPTOP-JI6I8DAU" failures="0" tests="1" name="testingforomi.ShoppingTest" time="8.597" errors="0" timestamp="2024-12-04T18:38:48 COT" skipped="0">
  <testcase classname="testingforomi.ShoppingTest" name="ShopTest" time="8.597"/>
</testsuite> <!-- testingforomi.ShoppingTest -->
