<?xml version="1.0" encoding="UTF-8"?>
<!-- Generated by org.testng.reporters.JUnitReportReporter -->
<testsuite hostname="LAPTOP-JI6I8DAU" failures="0" tests="1" name="testingforomi.Shopping.ShoppingTest" time="12.828" errors="0" timestamp="2024-12-17T17:00:16 COT" skipped="0">
  <testcase classname="testingforomi.Shopping.ShoppingTest" name="ShopTest" time="12.828"/>
</testsuite> <!-- testingforomi.Shopping.ShoppingTest -->
