<?xml version="1.0" encoding="UTF-8"?>
<!-- Generated by org.testng.reporters.JUnitReportReporter -->
<testsuite hostname="LAPTOP-JI6I8DAU" failures="0" tests="1" name="testingforomi.ShoppingTest" time="8.698" errors="0" timestamp="2024-12-03T19:35:37 COT" skipped="0">
  <testcase classname="testingforomi.ShoppingTest" name="ShopTest" time="8.698"/>
</testsuite> <!-- testingforomi.ShoppingTest -->
